<?xml version="1.0" encoding="utf-8"?><testsuites name="pytest tests"><testsuite name="pytest" errors="0" failures="0" skipped="0" tests="14" time="2.914" timestamp="2026-03-10T18:00:44.815908+00:00" hostname="agent-env-f2333b44-782e-4df2-9193-1a0817d2bccc"><testcase classname="tests.test_api_endpoints.TestHealthEndpoint" name="test_health_check" time="0.240" /><testcase classname="tests.test_api_endpoints.TestSearchEndpoint" name="test_search_basic" time="0.152" /><testcase classname="tests.test_api_endpoints.TestSearchEndpoint" name="test_search_result_structure" time="0.154" /><testcase classname="tests.test_api_endpoints.TestSearchEndpoint" name="test_search_all_8_platforms_present" time="0.123" /><testcase classname="tests.test_api_endpoints.TestSearchEndpoint" name="test_search_sorted_by_price" time="0.110" /><testcase classname="tests.test_api_endpoints.TestSearchEndpoint" name="test_search_with_default_pincode" time="0.128" /><testcase classname="tests.test_api_endpoints.TestSearchEndpoint" name="test_search_different_queries" time="0.395" /><testcase classname="tests.test_api_endpoints.TestGeocodeEndpoint" name="test_geocode_valid_coordinates" time="0.349" /><testcase classname="tests.test_api_endpoints.TestGeocodeEndpoint" name="test_geocode_fallback_on_error" time="0.309" /><testcase classname="tests.test_api_endpoints.TestRecentSearches" name="test_save_recent_search" time="0.115" /><testcase classname="tests.test_api_endpoints.TestRecentSearches" name="test_get_popular_searches" time="0.346" /><testcase classname="tests.test_api_endpoints.TestEdgeCases" name="test_search_empty_query" time="0.141" /><testcase classname="tests.test_api_endpoints.TestEdgeCases" name="test_search_special_characters" time="0.144" /><testcase classname="tests.test_api_endpoints.TestEdgeCases" name="test_search_different_pincode" time="0.159" /></testsuite></testsuites>